\BOOKMARK [0][-]{chapter.1}{Preliminaries}{}% 1
\BOOKMARK [1][-]{section.1.1}{Functions}{chapter.1}% 2
\BOOKMARK [1][-]{section.1.2}{Linear Algebra}{chapter.1}% 3
\BOOKMARK [1][-]{section.1.3}{Taylor Series}{chapter.1}% 4
\BOOKMARK [1][-]{section.1.4}{Recurrence Relations}{chapter.1}% 5
\BOOKMARK [1][-]{section.1.5}{Complex Numbers}{chapter.1}% 6
\BOOKMARK [1][-]{section.1.6}{A Note on Variables}{chapter.1}% 7
\BOOKMARK [0][-]{chapter.2}{First Order Differential Equations}{}% 8
\BOOKMARK [1][-]{section.2.1}{What is a Differential Equation?}{chapter.2}% 9
\BOOKMARK [1][-]{section.2.2}{Qualitative Methods for First Order DEs}{chapter.2}% 10
\BOOKMARK [1][-]{section.2.3}{Stability and Linearization}{chapter.2}% 11
\BOOKMARK [1][-]{section.2.4}{Seperable Equations}{chapter.2}% 12
\BOOKMARK [1][-]{section.2.5}{Existence and Uniqueness of Solutions}{chapter.2}% 13
\BOOKMARK [1][-]{section.2.6}{Linear Equations and Integrating Factors}{chapter.2}% 14
\BOOKMARK [1][-]{section.2.7}{Substitutions}{chapter.2}% 15
\BOOKMARK [1][-]{section.2.8}{Approximation Methods and Applications for First Order Equations}{chapter.2}% 16
\BOOKMARK [0][-]{chapter.3}{Second Order Linear Differential Equations}{}% 17
\BOOKMARK [1][-]{section.3.1}{Linear DEs with Constant Coefficients}{chapter.3}% 18
\BOOKMARK [1][-]{section.3.2}{The Method of Undetermined Coefficients}{chapter.3}% 19
\BOOKMARK [1][-]{section.3.3}{Resonance}{chapter.3}% 20
\BOOKMARK [1][-]{section.3.4}{Variation of Parameters}{chapter.3}% 21
