This is pdfTeX, Version 3.14159265-2.6-1.40.20 (TeX Live 2019/MacPorts 2019.50896_0) (preloaded format=pdflatex 2019.5.30)  4 AUG 2019 20:04
entering extended mode
 restricted \write18 enabled.
 %&-line parsing enabled.
**notes
(./notes.tex
LaTeX2e <2018-12-01>
(/opt/local/share/texmf-texlive/tex/latex/base/report.cls
Document Class: report 2018/09/03 v1.4i Standard LaTeX document class
(/opt/local/share/texmf-texlive/tex/latex/base/fleqn.clo
File: fleqn.clo 2016/12/29 v1.2b Standard LaTeX option (flush left equations)
\mathindent=\dimen102
Applying: [2015/01/01] Make \[ robust on input line 50.
LaTeX Info: Redefining \[ on input line 51.
Already applied: [0000/00/00] Make \[ robust on input line 62.
Applying: [2015/01/01] Make \] robust on input line 74.
LaTeX Info: Redefining \] on input line 75.
Already applied: [0000/00/00] Make \] robust on input line 83.
)
(/opt/local/share/texmf-texlive/tex/latex/base/size10.clo
File: size10.clo 2018/09/03 v1.4i Standard LaTeX file (size option)
)
\c@part=\count80
\c@chapter=\count81
\c@section=\count82
\c@subsection=\count83
\c@subsubsection=\count84
\c@paragraph=\count85
\c@subparagraph=\count86
\c@figure=\count87
\c@table=\count88
\abovecaptionskip=\skip41
\belowcaptionskip=\skip42
\bibindent=\dimen103
)
(/Users/remkes/Library/texmf/tex/latex/remhref.sty
(/Users/remkes/Library/texmf/tex/latex/remmath.sty
(/opt/local/share/texmf-texlive/tex/latex/booktabs/booktabs.sty
Package: booktabs 2016/04/27 v1.618033 publication quality tables
\heavyrulewidth=\dimen104
\lightrulewidth=\dimen105
\cmidrulewidth=\dimen106
\belowrulesep=\dimen107
\belowbottomsep=\dimen108
\aboverulesep=\dimen109
\abovetopsep=\dimen110
\cmidrulesep=\dimen111
\cmidrulekern=\dimen112
\defaultaddspace=\dimen113
\@cmidla=\count89
\@cmidlb=\count90
\@aboverulesep=\dimen114
\@belowrulesep=\dimen115
\@thisruleclass=\count91
\@lastruleclass=\count92
\@thisrulewidth=\dimen116
)
(/opt/local/share/texmf-texlive/tex/latex/amsmath/amsmath.sty
Package: amsmath 2018/12/01 v2.17b AMS math features
\@mathmargin=\skip43

For additional information on amsmath, use the `?' option.
(/opt/local/share/texmf-texlive/tex/latex/amsmath/amstext.sty
Package: amstext 2000/06/29 v2.01 AMS text

(/opt/local/share/texmf-texlive/tex/latex/amsmath/amsgen.sty
File: amsgen.sty 1999/11/30 v2.0 generic functions
\@emptytoks=\toks14
\ex@=\dimen117
))
(/opt/local/share/texmf-texlive/tex/latex/amsmath/amsbsy.sty
Package: amsbsy 1999/11/29 v1.2d Bold Symbols
\pmbraise@=\dimen118
)
(/opt/local/share/texmf-texlive/tex/latex/amsmath/amsopn.sty
Package: amsopn 2016/03/08 v2.02 operator names
)
\inf@bad=\count93
LaTeX Info: Redefining \frac on input line 223.
\uproot@=\count94
\leftroot@=\count95
LaTeX Info: Redefining \overline on input line 385.
\classnum@=\count96
\DOTSCASE@=\count97
LaTeX Info: Redefining \ldots on input line 482.
LaTeX Info: Redefining \dots on input line 485.
LaTeX Info: Redefining \cdots on input line 606.
\Mathstrutbox@=\box27
\strutbox@=\box28
\big@size=\dimen119
LaTeX Font Info:    Redeclaring font encoding OML on input line 729.
LaTeX Font Info:    Redeclaring font encoding OMS on input line 730.
\macc@depth=\count98
\c@MaxMatrixCols=\count99
\dotsspace@=\muskip10
\c@parentequation=\count100
\dspbrk@lvl=\count101
\tag@help=\toks15
\row@=\count102
\column@=\count103
\maxfields@=\count104
\andhelp@=\toks16
\eqnshift@=\dimen120
\alignsep@=\dimen121
\tagshift@=\dimen122
\tagwidth@=\dimen123
\totwidth@=\dimen124
\lineht@=\dimen125
\@envbody=\toks17
\multlinegap=\skip44
\multlinetaggap=\skip45
\mathdisplay@stack=\toks18
LaTeX Info: Redefining \[ on input line 2844.
LaTeX Info: Redefining \] on input line 2845.
)
(/opt/local/share/texmf-texlive/tex/latex/amsfonts/amssymb.sty
Package: amssymb 2013/01/14 v3.01 AMS font symbols

(/opt/local/share/texmf-texlive/tex/latex/amsfonts/amsfonts.sty
Package: amsfonts 2013/01/14 v3.01 Basic AMSFonts support
\symAMSa=\mathgroup4
\symAMSb=\mathgroup5
LaTeX Font Info:    Overwriting math alphabet `\mathfrak' in version `bold'
(Font)                  U/euf/m/n --> U/euf/b/n on input line 106.
))
(/opt/local/share/texmf-texlive/tex/latex/amscls/amsthm.sty
Package: amsthm 2017/10/31 v2.20.4
\thm@style=\toks19
\thm@bodyfont=\toks20
\thm@headfont=\toks21
\thm@notefont=\toks22
\thm@headpunct=\toks23
\thm@preskip=\skip46
\thm@postskip=\skip47
\thm@headsep=\skip48
\dth@everypar=\toks24
)
(/opt/local/share/texmf-texlive/tex/latex/caption/caption.sty
Package: caption 2018/10/06 v3.3-154 Customizing captions (AR)

(/opt/local/share/texmf-texlive/tex/latex/caption/caption3.sty
Package: caption3 2018/09/12 v1.8c caption3 kernel (AR)
Package caption3 Info: TeX engine: e-TeX on input line 64.

(/opt/local/share/texmf-texlive/tex/latex/graphics/keyval.sty
Package: keyval 2014/10/28 v1.15 key=value parser (DPC)
\KV@toks@=\toks25
)
\captionmargin=\dimen126
\captionmargin@=\dimen127
\captionwidth=\dimen128
\caption@tempdima=\dimen129
\caption@indent=\dimen130
\caption@parindent=\dimen131
\caption@hangindent=\dimen132
)
\c@caption@flags=\count105
\c@ContinuedFloat=\count106
)
(/opt/local/share/texmf-texlive/tex/latex/graphics/epsfig.sty
Package: epsfig 2017/06/25 v1.7b (e)psfig emulation (SPQR)

(/opt/local/share/texmf-texlive/tex/latex/graphics/graphicx.sty
Package: graphicx 2017/06/01 v1.1a Enhanced LaTeX Graphics (DPC,SPQR)

(/opt/local/share/texmf-texlive/tex/latex/graphics/graphics.sty
Package: graphics 2017/06/25 v1.2c Standard LaTeX Graphics (DPC,SPQR)

(/opt/local/share/texmf-texlive/tex/latex/graphics/trig.sty
Package: trig 2016/01/03 v1.10 sin cos tan (DPC)
)
(/opt/local/share/texmf-texlive/tex/latex/graphics-cfg/graphics.cfg
File: graphics.cfg 2016/06/04 v1.11 sample graphics configuration
)
Package graphics Info: Driver file: pdftex.def on input line 99.

(/opt/local/share/texmf-texlive/tex/latex/graphics-def/pdftex.def
File: pdftex.def 2018/01/08 v1.0l Graphics/color driver for pdftex
))
\Gin@req@height=\dimen133
\Gin@req@width=\dimen134
)
\epsfxsize=\dimen135
\epsfysize=\dimen136
)
(/opt/local/share/texmf-texlive/tex/latex/mathtools/mathtools.sty
Package: mathtools 2018/01/08 v1.21 mathematical typesetting tools

(/opt/local/share/texmf-texlive/tex/latex/tools/calc.sty
Package: calc 2017/05/25 v4.3 Infix arithmetic (KKT,FJ)
\calc@Acount=\count107
\calc@Bcount=\count108
\calc@Adimen=\dimen137
\calc@Bdimen=\dimen138
\calc@Askip=\skip49
\calc@Bskip=\skip50
LaTeX Info: Redefining \setlength on input line 80.
LaTeX Info: Redefining \addtolength on input line 81.
\calc@Ccount=\count109
\calc@Cskip=\skip51
)
(/opt/local/share/texmf-texlive/tex/latex/mathtools/mhsetup.sty
Package: mhsetup 2017/03/31 v1.3 programming setup (MH)
)
LaTeX Info: Thecontrolsequence`\('isalreadyrobust on input line 129.
LaTeX Info: Thecontrolsequence`\)'isalreadyrobust on input line 129.
LaTeX Info: Thecontrolsequence`\['isalreadyrobust on input line 129.
LaTeX Info: Thecontrolsequence`\]'isalreadyrobust on input line 129.
\g_MT_multlinerow_int=\count110
\l_MT_multwidth_dim=\dimen139
\origjot=\skip52
\l_MT_shortvdotswithinadjustabove_dim=\dimen140
\l_MT_shortvdotswithinadjustbelow_dim=\dimen141
\l_MT_above_intertext_sep=\dimen142
\l_MT_below_intertext_sep=\dimen143
\l_MT_above_shortintertext_sep=\dimen144
\l_MT_below_shortintertext_sep=\dimen145
)
(/opt/local/share/texmf-texlive/tex/latex/caption/subcaption.sty
Package: subcaption 2018/05/01 v1.1-162 Sub-captions (AR)
\c@subfigure=\count111
\c@subtable=\count112
)
(/opt/local/share/texmf-texlive/tex/latex/tools/verbatim.sty
Package: verbatim 2014/10/28 v1.5q LaTeX2e package for verbatim enhancements
\every@verbatim=\toks26
\verbatim@line=\toks27
\verbatim@in@stream=\read1
)
(/opt/local/share/texmf-texlive/tex/latex/tools/array.sty
Package: array 2018/12/30 v2.4k Tabular extension package (FMi)
\col@sep=\dimen146
\ar@mcellbox=\box29
\extrarowheight=\dimen147
\NC@list=\toks28
\extratabsurround=\skip53
\backup@length=\skip54
\ar@cellbox=\box30
)
(/Users/remkes/Library/texmf/tex/latex/remsymb.sty)
(/Users/remkes/Library/texmf/tex/latex/remdefs.sty
\colveccount=\count113
)
\c@thm=\count114
))
(/opt/local/share/texmf-texlive/tex/latex/hyperref/hyperref.sty
Package: hyperref 2018/11/30 v6.88e Hypertext links for LaTeX

(/opt/local/share/texmf-texlive/tex/generic/oberdiek/hobsub-hyperref.sty
Package: hobsub-hyperref 2016/05/16 v1.14 Bundle oberdiek, subset hyperref (HO)


(/opt/local/share/texmf-texlive/tex/generic/oberdiek/hobsub-generic.sty
Package: hobsub-generic 2016/05/16 v1.14 Bundle oberdiek, subset generic (HO)
Package: hobsub 2016/05/16 v1.14 Construct package bundles (HO)
Package: infwarerr 2016/05/16 v1.4 Providing info/warning/error messages (HO)
Package: ltxcmds 2016/05/16 v1.23 LaTeX kernel commands for general use (HO)
Package: ifluatex 2016/05/16 v1.4 Provides the ifluatex switch (HO)
Package ifluatex Info: LuaTeX not detected.
Package: ifvtex 2016/05/16 v1.6 Detect VTeX and its facilities (HO)
Package ifvtex Info: VTeX not detected.
Package: intcalc 2016/05/16 v1.2 Expandable calculations with integers (HO)
Package: ifpdf 2018/09/07 v3.3 Provides the ifpdf switch
Package: etexcmds 2016/05/16 v1.6 Avoid name clashes with e-TeX commands (HO)
Package: kvsetkeys 2016/05/16 v1.17 Key value parser (HO)
Package: kvdefinekeys 2016/05/16 v1.4 Define keys (HO)
Package: pdftexcmds 2018/09/10 v0.29 Utility functions of pdfTeX for LuaTeX (HO
)
Package pdftexcmds Info: LuaTeX not detected.
Package pdftexcmds Info: \pdf@primitive is available.
Package pdftexcmds Info: \pdf@ifprimitive is available.
Package pdftexcmds Info: \pdfdraftmode found.
Package: pdfescape 2016/05/16 v1.14 Implements pdfTeX's escape features (HO)
Package: bigintcalc 2016/05/16 v1.4 Expandable calculations on big integers (HO
)
Package: bitset 2016/05/16 v1.2 Handle bit-vector datatype (HO)
Package: uniquecounter 2016/05/16 v1.3 Provide unlimited unique counter (HO)
)
Package hobsub Info: Skipping package `hobsub' (already loaded).
Package: letltxmacro 2016/05/16 v1.5 Let assignment for LaTeX macros (HO)
Package: hopatch 2016/05/16 v1.3 Wrapper for package hooks (HO)
Package: xcolor-patch 2016/05/16 xcolor patch
Package: atveryend 2016/05/16 v1.9 Hooks at the very end of document (HO)
Package atveryend Info: \enddocument detected (standard20110627).
Package: atbegshi 2016/06/09 v1.18 At begin shipout hook (HO)
Package: refcount 2016/05/16 v3.5 Data extraction from label references (HO)
Package: hycolor 2016/05/16 v1.8 Color options for hyperref/bookmark (HO)
)
(/opt/local/share/texmf-texlive/tex/generic/ifxetex/ifxetex.sty
Package: ifxetex 2010/09/12 v0.6 Provides ifxetex conditional
)
(/opt/local/share/texmf-texlive/tex/latex/oberdiek/auxhook.sty
Package: auxhook 2016/05/16 v1.4 Hooks for auxiliary files (HO)
)
(/opt/local/share/texmf-texlive/tex/latex/oberdiek/kvoptions.sty
Package: kvoptions 2016/05/16 v3.12 Key value format for package options (HO)
)
\@linkdim=\dimen148
\Hy@linkcounter=\count115
\Hy@pagecounter=\count116

(/opt/local/share/texmf-texlive/tex/latex/hyperref/pd1enc.def
File: pd1enc.def 2018/11/30 v6.88e Hyperref: PDFDocEncoding definition (HO)
Now handling font encoding PD1 ...
... no UTF-8 mapping file for font encoding PD1
)
\Hy@SavedSpaceFactor=\count117

(/opt/local/share/texmf-texlive/tex/latex/latexconfig/hyperref.cfg
File: hyperref.cfg 2002/06/06 v1.2 hyperref configuration of TeXLive
)
Package hyperref Info: Hyper figures OFF on input line 4519.
Package hyperref Info: Link nesting OFF on input line 4524.
Package hyperref Info: Hyper index ON on input line 4527.
Package hyperref Info: Plain pages OFF on input line 4534.
Package hyperref Info: Backreferencing OFF on input line 4539.
Package hyperref Info: Implicit mode ON; LaTeX internals redefined.
Package hyperref Info: Bookmarks ON on input line 4772.
\c@Hy@tempcnt=\count118

(/opt/local/share/texmf-texlive/tex/latex/url/url.sty
\Urlmuskip=\muskip11
Package: url 2013/09/16  ver 3.4  Verb mode for urls, etc.
)
LaTeX Info: Redefining \url on input line 5125.
\XeTeXLinkMargin=\dimen149
\Fld@menulength=\count119
\Field@Width=\dimen150
\Fld@charsize=\dimen151
Package hyperref Info: Hyper figures OFF on input line 6380.
Package hyperref Info: Link nesting OFF on input line 6385.
Package hyperref Info: Hyper index ON on input line 6388.
Package hyperref Info: backreferencing OFF on input line 6395.
Package hyperref Info: Link coloring OFF on input line 6400.
Package hyperref Info: Link coloring with OCG OFF on input line 6405.
Package hyperref Info: PDF/A mode OFF on input line 6410.
LaTeX Info: Redefining \ref on input line 6450.
LaTeX Info: Redefining \pageref on input line 6454.
\Hy@abspage=\count120
\c@Item=\count121
\c@Hfootnote=\count122
)
Package hyperref Info: Driver (autodetected): hpdftex.

(/opt/local/share/texmf-texlive/tex/latex/hyperref/hpdftex.def
File: hpdftex.def 2018/11/30 v6.88e Hyperref driver for pdfTeX
\Fld@listcount=\count123
\c@bookmark@seq@number=\count124

(/opt/local/share/texmf-texlive/tex/latex/oberdiek/rerunfilecheck.sty
Package: rerunfilecheck 2016/05/16 v1.8 Rerun checks for auxiliary files (HO)
Package uniquecounter Info: New unique counter `rerunfilecheck' on input line 2
82.
)
\Hy@SectionHShift=\skip55
)
(./notes.aux)
\openout1 = `notes.aux'.

LaTeX Font Info:    Checking defaults for OML/cmm/m/it on input line 4.
LaTeX Font Info:    ... okay on input line 4.
LaTeX Font Info:    Checking defaults for T1/cmr/m/n on input line 4.
LaTeX Font Info:    ... okay on input line 4.
LaTeX Font Info:    Checking defaults for OT1/cmr/m/n on input line 4.
LaTeX Font Info:    ... okay on input line 4.
LaTeX Font Info:    Checking defaults for OMS/cmsy/m/n on input line 4.
LaTeX Font Info:    ... okay on input line 4.
LaTeX Font Info:    Checking defaults for OMX/cmex/m/n on input line 4.
LaTeX Font Info:    ... okay on input line 4.
LaTeX Font Info:    Checking defaults for U/cmr/m/n on input line 4.
LaTeX Font Info:    ... okay on input line 4.
LaTeX Font Info:    Checking defaults for PD1/pdf/m/n on input line 4.
LaTeX Font Info:    ... okay on input line 4.
Package caption Info: Begin \AtBeginDocument code.
Package caption Info: hyperref package is loaded.
Package caption Info: End \AtBeginDocument code.

(/opt/local/share/texmf-texlive/tex/context/base/mkii/supp-pdf.mkii
[Loading MPS to PDF converter (version 2006.09.02).]
\scratchcounter=\count125
\scratchdimen=\dimen152
\scratchbox=\box31
\nofMPsegments=\count126
\nofMParguments=\count127
\everyMPshowfont=\toks29
\MPscratchCnt=\count128
\MPscratchDim=\dimen153
\MPnumerator=\count129
\makeMPintoPDFobject=\count130
\everyMPtoPDFconversion=\toks30
) (/opt/local/share/texmf-texlive/tex/latex/oberdiek/epstopdf-base.sty
Package: epstopdf-base 2016/05/15 v2.6 Base part for package epstopdf

(/opt/local/share/texmf-texlive/tex/latex/oberdiek/grfext.sty
Package: grfext 2016/05/16 v1.2 Manage graphics extensions (HO)
)
Package epstopdf-base Info: Redefining graphics rule for `.eps' on input line 4
38.
Package grfext Info: Graphics extension search list:
(grfext)             [.pdf,.png,.jpg,.mps,.jpeg,.jbig2,.jb2,.PDF,.PNG,.JPG,.JPE
G,.JBIG2,.JB2,.eps]
(grfext)             \AppendGraphicsExtensions on input line 456.

(/opt/local/share/texmf-texlive/tex/latex/latexconfig/epstopdf-sys.cfg
File: epstopdf-sys.cfg 2010/07/13 v1.3 Configuration of (r)epstopdf for TeX Liv
e
))
\AtBeginShipoutBox=\box32
Package hyperref Info: Link coloring OFF on input line 4.

(/opt/local/share/texmf-texlive/tex/latex/hyperref/nameref.sty
Package: nameref 2016/05/21 v2.44 Cross-referencing by name of section

(/opt/local/share/texmf-texlive/tex/generic/oberdiek/gettitlestring.sty
Package: gettitlestring 2016/05/16 v1.5 Cleanup title references (HO)
)
\c@section@level=\count131
)
LaTeX Info: Redefining \ref on input line 4.
LaTeX Info: Redefining \pageref on input line 4.
LaTeX Info: Redefining \nameref on input line 4.

(./notes.out) (./notes.out)
\@outlinefile=\write3
\openout3 = `notes.out'.

LaTeX Font Info:    Try loading font information for U+msa on input line 12.

(/opt/local/share/texmf-texlive/tex/latex/amsfonts/umsa.fd
File: umsa.fd 2013/01/14 v3.01 AMS symbols A
)
LaTeX Font Info:    Try loading font information for U+msb on input line 12.

(/opt/local/share/texmf-texlive/tex/latex/amsfonts/umsb.fd
File: umsb.fd 2013/01/14 v3.01 AMS symbols B
) [1

{/opt/local/var/db/texmf/fonts/map/pdftex/updmap/pdftex.map}] (./notes.tocpdfTe
X warning (ext4): destination with the same identifier (name{page.1}) has been 
already used, duplicate ignored
<to be read again> 
                   \relax 
l.57 ...sues and Next Directions}{71}{section.4.3}
                                                  % [1

])
\tf@toc=\write4
\openout4 = `notes.toc'.

 [2]
Chapter 1.
LaTeX Font Info:    Try loading font information for OMS+cmr on input line 29.
(/opt/local/share/texmf-texlive/tex/latex/base/omscmr.fd
File: omscmr.fd 2014/09/29 v2.5h Standard LaTeX font definitions
)
LaTeX Font Info:    Font shape `OMS/cmr/m/n' in size <10> not available
(Font)              Font shape `OMS/cmsy/m/n' tried instead on input line 29.
 [3

] [4] [5] [6]
[7] [8]
Chapter 2.
[9

]
Package epstopdf Info: Source file: <figure01.eps>
(epstopdf)                    date: 2016-01-06 17:27:28
(epstopdf)                    size: 183521 bytes
(epstopdf)             Output file: <figure01-eps-converted-to.pdf>
(epstopdf)                    date: 2016-01-06 19:36:33
(epstopdf)                    size: 37058 bytes
(epstopdf)             Command: <repstopdf --outfile=figure01-eps-converted-to.
pdf figure01.eps>
(epstopdf)             \includegraphics on input line 429.
Package epstopdf Info: Output file is already uptodate.
<figure01-eps-converted-to.pdf, id=305, 286.06876pt x 193.72375pt>
File: figure01-eps-converted-to.pdf Graphic file (type pdf)
<use figure01-eps-converted-to.pdf>
Package pdftex.def Info: figure01-eps-converted-to.pdf  used on input line 429.

(pdftex.def)             Requested size: 227.62204pt x 154.14561pt.
 [10 <./figure01-eps-converted-to.pdf>] [11] [12] [13]
Package epstopdf Info: Source file: <figure02.eps>
(epstopdf)                    date: 2016-01-06 17:27:57
(epstopdf)                    size: 42115 bytes
(epstopdf)             Output file: <figure02-eps-converted-to.pdf>
(epstopdf)                    date: 2016-01-06 19:36:58
(epstopdf)                    size: 4784 bytes
(epstopdf)             Command: <repstopdf --outfile=figure02-eps-converted-to.
pdf figure02.eps>
(epstopdf)             \includegraphics on input line 676.
Package epstopdf Info: Output file is already uptodate.
<figure02-eps-converted-to.pdf, id=348, 456.70625pt x 17.06375pt>
File: figure02-eps-converted-to.pdf Graphic file (type pdf)
<use figure02-eps-converted-to.pdf>
Package pdftex.def Info: figure02-eps-converted-to.pdf  used on input line 676.

(pdftex.def)             Requested size: 341.43306pt x 12.75714pt.
Package epstopdf Info: Source file: <figure03.eps>
(epstopdf)                    date: 2016-01-06 17:27:58
(epstopdf)                    size: 42159 bytes
(epstopdf)             Output file: <figure03-eps-converted-to.pdf>
(epstopdf)                    date: 2016-01-06 19:36:59
(epstopdf)                    size: 4805 bytes
(epstopdf)             Command: <repstopdf --outfile=figure03-eps-converted-to.
pdf figure03.eps>
(epstopdf)             \includegraphics on input line 683.
Package epstopdf Info: Output file is already uptodate.
<figure03-eps-converted-to.pdf, id=349, 456.70625pt x 17.06375pt>
File: figure03-eps-converted-to.pdf Graphic file (type pdf)
<use figure03-eps-converted-to.pdf>
Package pdftex.def Info: figure03-eps-converted-to.pdf  used on input line 683.

(pdftex.def)             Requested size: 341.43306pt x 12.75714pt.
 [14pdfTeX warning (ext4): destination with the same identifier (name{thm.2.2.4
}) has been already used, duplicate ignored

\AtBegShi@Output ...ipout \box \AtBeginShipoutBox 
                                                  \fi \fi 
l.712 \end{example}
                    <./figure02-eps-converted-to.pdf> <./figure03-eps-converted
-to.pdf>]
Package epstopdf Info: Source file: <figure04.eps>
(epstopdf)                    date: 2016-01-06 17:27:59
(epstopdf)                    size: 107261 bytes
(epstopdf)             Output file: <figure04-eps-converted-to.pdf>
(epstopdf)                    date: 2016-01-06 19:36:59
(epstopdf)                    size: 13928 bytes
(epstopdf)             Command: <repstopdf --outfile=figure04-eps-converted-to.
pdf figure04.eps>
(epstopdf)             \includegraphics on input line 716.
Package epstopdf Info: Output file is already uptodate.
<figure04-eps-converted-to.pdf, id=377, 458.71375pt x 288.07625pt>
File: figure04-eps-converted-to.pdf Graphic file (type pdf)
<use figure04-eps-converted-to.pdf>
Package pdftex.def Info: figure04-eps-converted-to.pdf  used on input line 716.

(pdftex.def)             Requested size: 341.43306pt x 214.43463pt.
Package epstopdf Info: Source file: <figure05.eps>
(epstopdf)                    date: 2016-01-06 17:28:00
(epstopdf)                    size: 43000 bytes
(epstopdf)             Output file: <figure05-eps-converted-to.pdf>
(epstopdf)                    date: 2016-01-06 19:37:12
(epstopdf)                    size: 5044 bytes
(epstopdf)             Command: <repstopdf --outfile=figure05-eps-converted-to.
pdf figure05.eps>
(epstopdf)             \includegraphics on input line 733.
Package epstopdf Info: Output file is already uptodate.
<figure05-eps-converted-to.pdf, id=379, 456.70625pt x 17.06375pt>
File: figure05-eps-converted-to.pdf Graphic file (type pdf)
<use figure05-eps-converted-to.pdf>
Package pdftex.def Info: figure05-eps-converted-to.pdf  used on input line 733.

(pdftex.def)             Requested size: 341.43306pt x 12.75714pt.
 [15 <./figure04-eps-converted-to.pdf>]
Package epstopdf Info: Source file: <figure06.eps>
(epstopdf)                    date: 2016-01-07 08:48:33
(epstopdf)                    size: 73023 bytes
(epstopdf)             Output file: <figure06-eps-converted-to.pdf>
(epstopdf)                    date: 2016-01-07 08:50:13
(epstopdf)                    size: 7832 bytes
(epstopdf)             Command: <repstopdf --outfile=figure06-eps-converted-to.
pdf figure06.eps>
(epstopdf)             \includegraphics on input line 775.
Package epstopdf Info: Output file is already uptodate.
<figure06-eps-converted-to.pdf, id=404, 286.06876pt x 209.78375pt>
File: figure06-eps-converted-to.pdf Graphic file (type pdf)
<use figure06-eps-converted-to.pdf>
Package pdftex.def Info: figure06-eps-converted-to.pdf  used on input line 775.

(pdftex.def)             Requested size: 170.71652pt x 125.19258pt.
Package epstopdf Info: Source file: <figure07.eps>
(epstopdf)                    date: 2016-01-07 08:48:02
(epstopdf)                    size: 226965 bytes
(epstopdf)             Output file: <figure07-eps-converted-to.pdf>
(epstopdf)                    date: 2016-01-07 08:48:09
(epstopdf)                    size: 41047 bytes
(epstopdf)             Command: <repstopdf --outfile=figure07-eps-converted-to.
pdf figure07.eps>
(epstopdf)             \includegraphics on input line 780.
Package epstopdf Info: Output file is already uptodate.
<figure07-eps-converted-to.pdf, id=405, 286.06876pt x 209.78375pt>
File: figure07-eps-converted-to.pdf Graphic file (type pdf)
<use figure07-eps-converted-to.pdf>
Package pdftex.def Info: figure07-eps-converted-to.pdf  used on input line 780.

(pdftex.def)             Requested size: 170.71652pt x 125.19258pt.
Package epstopdf Info: Source file: <figure08.eps>
(epstopdf)                    date: 2016-01-07 08:50:58
(epstopdf)                    size: 72795 bytes
(epstopdf)             Output file: <figure08-eps-converted-to.pdf>
(epstopdf)                    date: 2016-01-07 08:52:03
(epstopdf)                    size: 9024 bytes
(epstopdf)             Command: <repstopdf --outfile=figure08-eps-converted-to.
pdf figure08.eps>
(epstopdf)             \includegraphics on input line 817.
Package epstopdf Info: Output file is already uptodate.
<figure08-eps-converted-to.pdf, id=408, 286.06876pt x 159.59625pt>
File: figure08-eps-converted-to.pdf Graphic file (type pdf)
<use figure08-eps-converted-to.pdf>
Package pdftex.def Info: figure08-eps-converted-to.pdf  used on input line 817.

(pdftex.def)             Requested size: 256.0748pt x 142.8633pt.

Overfull \hbox (33.78249pt too wide) in paragraph at lines 817--818
 [][] 
 []

Package epstopdf Info: Source file: <figure09.eps>
(epstopdf)                    date: 2016-01-07 08:50:05
(epstopdf)                    size: 351711 bytes
(epstopdf)             Output file: <figure09-eps-converted-to.pdf>
(epstopdf)                    date: 2016-01-07 08:50:14
(epstopdf)                    size: 67228 bytes
(epstopdf)             Command: <repstopdf --outfile=figure09-eps-converted-to.
pdf figure09.eps>
(epstopdf)             \includegraphics on input line 822.
Package epstopdf Info: Output file is already uptodate.
<figure09-eps-converted-to.pdf, id=409, 286.06876pt x 159.59625pt>
File: figure09-eps-converted-to.pdf Graphic file (type pdf)
<use figure09-eps-converted-to.pdf>
Package pdftex.def Info: figure09-eps-converted-to.pdf  used on input line 822.

(pdftex.def)             Requested size: 256.0748pt x 142.8633pt.

Overfull \hbox (33.78249pt too wide) in paragraph at lines 822--823
 [][] 
 []


LaTeX Warning: `!h' float specifier changed to `!ht'.

[16 <./figure05-eps-converted-to.pdf> <./figure06-eps-converted-to.pdf> <./figu
re07-eps-converted-to.pdf>]
Package epstopdf Info: Source file: <figure10.eps>
(epstopdf)                    date: 2016-01-07 08:52:29
(epstopdf)                    size: 117200 bytes
(epstopdf)             Output file: <figure10-eps-converted-to.pdf>
(epstopdf)                    date: 2016-01-07 08:53:34
(epstopdf)                    size: 13725 bytes
(epstopdf)             Command: <repstopdf --outfile=figure10-eps-converted-to.
pdf figure10.eps>
(epstopdf)             \includegraphics on input line 843.
Package epstopdf Info: Output file is already uptodate.
<figure10-eps-converted-to.pdf, id=434, 286.06876pt x 296.10625pt>
File: figure10-eps-converted-to.pdf Graphic file (type pdf)
<use figure10-eps-converted-to.pdf>
Package pdftex.def Info: figure10-eps-converted-to.pdf  used on input line 843.

(pdftex.def)             Requested size: 170.71652pt x 176.70724pt.
Package epstopdf Info: Source file: <figure11.eps>
(epstopdf)                    date: 2016-01-07 08:51:57
(epstopdf)                    size: 490821 bytes
(epstopdf)             Output file: <figure11-eps-converted-to.pdf>
(epstopdf)                    date: 2016-01-07 08:52:04
(epstopdf)                    size: 85159 bytes
(epstopdf)             Command: <repstopdf --outfile=figure11-eps-converted-to.
pdf figure11.eps>
(epstopdf)             \includegraphics on input line 848.
Package epstopdf Info: Output file is already uptodate.
<figure11-eps-converted-to.pdf, id=435, 286.06876pt x 296.10625pt>
File: figure11-eps-converted-to.pdf Graphic file (type pdf)
<use figure11-eps-converted-to.pdf>
Package pdftex.def Info: figure11-eps-converted-to.pdf  used on input line 848.

(pdftex.def)             Requested size: 170.71652pt x 176.70724pt.
Package epstopdf Info: Source file: <figure12.eps>
(epstopdf)                    date: 2016-01-07 08:53:54
(epstopdf)                    size: 117959 bytes
(epstopdf)             Output file: <figure12-eps-converted-to.pdf>
(epstopdf)                    date: 2016-01-07 08:54:52
(epstopdf)                    size: 13474 bytes
(epstopdf)             Command: <repstopdf --outfile=figure12-eps-converted-to.
pdf figure12.eps>
(epstopdf)             \includegraphics on input line 869.
Package epstopdf Info: Output file is already uptodate.
<figure12-eps-converted-to.pdf, id=437, 286.06876pt x 294.09875pt>
File: figure12-eps-converted-to.pdf Graphic file (type pdf)
<use figure12-eps-converted-to.pdf>
Package pdftex.def Info: figure12-eps-converted-to.pdf  used on input line 869.

(pdftex.def)             Requested size: 170.71652pt x 175.50923pt.
Package epstopdf Info: Source file: <figure13.eps>
(epstopdf)                    date: 2016-01-07 08:53:29
(epstopdf)                    size: 368926 bytes
(epstopdf)             Output file: <figure13-eps-converted-to.pdf>
(epstopdf)                    date: 2016-01-07 08:53:34
(epstopdf)                    size: 63998 bytes
(epstopdf)             Command: <repstopdf --outfile=figure13-eps-converted-to.
pdf figure13.eps>
(epstopdf)             \includegraphics on input line 874.
Package epstopdf Info: Output file is already uptodate.
<figure13-eps-converted-to.pdf, id=438, 286.06876pt x 294.09875pt>
File: figure13-eps-converted-to.pdf Graphic file (type pdf)
<use figure13-eps-converted-to.pdf>
Package pdftex.def Info: figure13-eps-converted-to.pdf  used on input line 874.

(pdftex.def)             Requested size: 170.71652pt x 175.50923pt.
 [17 <./figure08-eps-converted-to.pdf> <./figure09-eps-converted-to.pdf>]
Package epstopdf Info: Source file: <figure14.eps>
(epstopdf)                    date: 2016-01-07 08:55:11
(epstopdf)                    size: 118364 bytes
(epstopdf)             Output file: <figure14-eps-converted-to.pdf>
(epstopdf)                    date: 2016-01-07 08:55:16
(epstopdf)                    size: 14094 bytes
(epstopdf)             Command: <repstopdf --outfile=figure14-eps-converted-to.
pdf figure14.eps>
(epstopdf)             \includegraphics on input line 898.
Package epstopdf Info: Output file is already uptodate.
<figure14-eps-converted-to.pdf, id=457, 286.06876pt x 292.09125pt>
File: figure14-eps-converted-to.pdf Graphic file (type pdf)
<use figure14-eps-converted-to.pdf>
Package pdftex.def Info: figure14-eps-converted-to.pdf  used on input line 898.

(pdftex.def)             Requested size: 170.71652pt x 174.31122pt.
Package epstopdf Info: Source file: <figure15.eps>
(epstopdf)                    date: 2016-01-07 08:54:47
(epstopdf)                    size: 507162 bytes
(epstopdf)             Output file: <figure15-eps-converted-to.pdf>
(epstopdf)                    date: 2016-01-07 08:54:52
(epstopdf)                    size: 86970 bytes
(epstopdf)             Command: <repstopdf --outfile=figure15-eps-converted-to.
pdf figure15.eps>
(epstopdf)             \includegraphics on input line 903.
Package epstopdf Info: Output file is already uptodate.
<figure15-eps-converted-to.pdf, id=458, 286.06876pt x 292.09125pt>
File: figure15-eps-converted-to.pdf Graphic file (type pdf)
<use figure15-eps-converted-to.pdf>
Package pdftex.def Info: figure15-eps-converted-to.pdf  used on input line 903.

(pdftex.def)             Requested size: 170.71652pt x 174.31122pt.
 [18 <./figure10-eps-converted-to.pdf> <./figure11-eps-converted-to.pdf>] [19 <
./figure12-eps-converted-to.pdf> <./figure13-eps-converted-to.pdf>] [20 <./figu
re14-eps-converted-to.pdf> <./figure15-eps-converted-to.pdf>] [21]
Package epstopdf Info: Source file: <figure16.eps>
(epstopdf)                    date: 2016-01-10 10:30:05
(epstopdf)                    size: 118350 bytes
(epstopdf)             Output file: <figure16-eps-converted-to.pdf>
(epstopdf)                    date: 2016-01-10 10:30:09
(epstopdf)                    size: 13923 bytes
(epstopdf)             Command: <repstopdf --outfile=figure16-eps-converted-to.
pdf figure16.eps>
(epstopdf)             \includegraphics on input line 1085.
Package epstopdf Info: Output file is already uptodate.
<figure16-eps-converted-to.pdf, id=511, 286.06876pt x 278.03876pt>
File: figure16-eps-converted-to.pdf Graphic file (type pdf)
<use figure16-eps-converted-to.pdf>
Package pdftex.def Info: figure16-eps-converted-to.pdf  used on input line 1085
.
(pdftex.def)             Requested size: 170.71652pt x 165.92511pt.
Package epstopdf Info: Source file: <figure17.eps>
(epstopdf)                    date: 2016-02-27 21:52:51
(epstopdf)                    size: 830294 bytes
(epstopdf)             Output file: <figure17-eps-converted-to.pdf>
(epstopdf)                    date: 2016-03-09 16:20:17
(epstopdf)                    size: 146198 bytes
(epstopdf)             Command: <repstopdf --outfile=figure17-eps-converted-to.
pdf figure17.eps>
(epstopdf)             \includegraphics on input line 1090.
Package epstopdf Info: Output file is already uptodate.
<figure17-eps-converted-to.pdf, id=512, 286.06876pt x 278.03876pt>
File: figure17-eps-converted-to.pdf Graphic file (type pdf)
<use figure17-eps-converted-to.pdf>
Package pdftex.def Info: figure17-eps-converted-to.pdf  used on input line 1090
.
(pdftex.def)             Requested size: 170.71652pt x 165.92511pt.
 [22 <./figure16-eps-converted-to.pdf> <./figure17-eps-converted-to.pdf>]
Package epstopdf Info: Source file: <figure18.eps>
(epstopdf)                    date: 2016-01-10 10:58:57
(epstopdf)                    size: 73749 bytes
(epstopdf)             Output file: <figure18-eps-converted-to.pdf>
(epstopdf)                    date: 2016-01-10 10:59:24
(epstopdf)                    size: 7869 bytes
(epstopdf)             Command: <repstopdf --outfile=figure18-eps-converted-to.
pdf figure18.eps>
(epstopdf)             \includegraphics on input line 1121.
Package epstopdf Info: Output file is already uptodate.
<figure18-eps-converted-to.pdf, id=530, 286.06876pt x 201.75375pt>
File: figure18-eps-converted-to.pdf Graphic file (type pdf)
<use figure18-eps-converted-to.pdf>
Package pdftex.def Info: figure18-eps-converted-to.pdf  used on input line 1121
.
(pdftex.def)             Requested size: 170.71652pt x 120.40053pt.
Package epstopdf Info: Source file: <figure19.eps>
(epstopdf)                    date: 2016-01-10 10:58:25
(epstopdf)                    size: 101371 bytes
(epstopdf)             Output file: <figure19-eps-converted-to.pdf>
(epstopdf)                    date: 2016-01-10 10:59:24
(epstopdf)                    size: 10010 bytes
(epstopdf)             Command: <repstopdf --outfile=figure19-eps-converted-to.
pdf figure19.eps>
(epstopdf)             \includegraphics on input line 1126.
Package epstopdf Info: Output file is already uptodate.
<figure19-eps-converted-to.pdf, id=531, 286.06876pt x 201.75375pt>
File: figure19-eps-converted-to.pdf Graphic file (type pdf)
<use figure19-eps-converted-to.pdf>
Package pdftex.def Info: figure19-eps-converted-to.pdf  used on input line 1126
.
(pdftex.def)             Requested size: 170.71652pt x 120.40053pt.
 [23 <./figure18-eps-converted-to.pdf> <./figure19-eps-converted-to.pdf>]
[24] [25] [26] [27] [28] [29] [30] [31] [32] [33] [34] [35]
Chapter 3.
[36

] [37] [38] [39] [40] [41] [42] [43] [44] [45] [46] [47] [48] [49] [50]
[51] [52] [53] [54] [55] [56] [57] [58]
Chapter 4.
[59

] [60] [61] [62] [63] [64] [65] [66] [67] [68]
Package epstopdf Info: Source file: <figure20.eps>
(epstopdf)                    date: 2016-02-24 19:46:10
(epstopdf)                    size: 74141 bytes
(epstopdf)             Output file: <figure20-eps-converted-to.pdf>
(epstopdf)                    date: 2016-02-24 19:51:51
(epstopdf)                    size: 9088 bytes
(epstopdf)             Command: <repstopdf --outfile=figure20-eps-converted-to.
pdf figure20.eps>
(epstopdf)             \includegraphics on input line 3480.
Package epstopdf Info: Output file is already uptodate.
<figure20-eps-converted-to.pdf, id=815, 229.85875pt x 171.64125pt>
File: figure20-eps-converted-to.pdf Graphic file (type pdf)
<use figure20-eps-converted-to.pdf>
Package pdftex.def Info: figure20-eps-converted-to.pdf  used on input line 3480
.
(pdftex.def)             Requested size: 341.43306pt x 254.9705pt.
 [69] [70 <./figure20-eps-converted-to.pdf>] [71] [72] [73] [74] [75] [76] [77]
 [78] [79] [80] [81] [82]
[83]
Package epstopdf Info: Source file: <figure21.eps>
(epstopdf)                    date: 2016-02-27 21:36:07
(epstopdf)                    size: 83231 bytes
(epstopdf)             Output file: <figure21-eps-converted-to.pdf>
(epstopdf)                    date: 2016-02-27 21:36:11
(epstopdf)                    size: 10198 bytes
(epstopdf)             Command: <repstopdf --outfile=figure21-eps-converted-to.
pdf figure21.eps>
(epstopdf)             \includegraphics on input line 4176.
Package epstopdf Info: Output file is already uptodate.
<figure21-eps-converted-to.pdf, id=908, 231.86626pt x 171.64125pt>
File: figure21-eps-converted-to.pdf Graphic file (type pdf)
<use figure21-eps-converted-to.pdf>
Package pdftex.def Info: figure21-eps-converted-to.pdf  used on input line 4176
.
(pdftex.def)             Requested size: 312.9803pt x 231.70827pt.
Package epstopdf Info: Source file: <figure22.eps>
(epstopdf)                    date: 2016-02-27 21:13:43
(epstopdf)                    size: 78017 bytes
(epstopdf)             Output file: <figure22-eps-converted-to.pdf>
(epstopdf)                    date: 2016-02-27 21:13:45
(epstopdf)                    size: 10508 bytes
(epstopdf)             Command: <repstopdf --outfile=figure22-eps-converted-to.
pdf figure22.eps>
(epstopdf)             \includegraphics on input line 4183.
Package epstopdf Info: Output file is already uptodate.
<figure22-eps-converted-to.pdf, id=909, 231.86626pt x 171.64125pt>
File: figure22-eps-converted-to.pdf Graphic file (type pdf)
<use figure22-eps-converted-to.pdf>
Package pdftex.def Info: figure22-eps-converted-to.pdf  used on input line 4183
.
(pdftex.def)             Requested size: 312.9803pt x 231.70827pt.
 [84] [85 <./figure21-eps-converted-to.pdf>] [86 <./figure22-eps-converted-to.p
df>] [87] [88]
Chapter 5.
[89

] [90] [91] [92]
Package epstopdf Info: Source file: <figure23.eps>
(epstopdf)                    date: 2016-03-09 17:44:08
(epstopdf)                    size: 88868 bytes
(epstopdf)             Output file: <figure23-eps-converted-to.pdf>
(epstopdf)                    date: 2016-03-09 17:44:09
(epstopdf)                    size: 11435 bytes
(epstopdf)             Command: <repstopdf --outfile=figure23-eps-converted-to.
pdf figure23.eps>
(epstopdf)             \includegraphics on input line 4644.
Package epstopdf Info: Output file is already uptodate.
<figure23-eps-converted-to.pdf, id=983, 229.85875pt x 173.64874pt>
File: figure23-eps-converted-to.pdf Graphic file (type pdf)
<use figure23-eps-converted-to.pdf>
Package pdftex.def Info: figure23-eps-converted-to.pdf  used on input line 4644
.
(pdftex.def)             Requested size: 312.9803pt x 236.45592pt.
 [93] [94 <./figure23-eps-converted-to.pdf>] [95] [96]
[97] [98]
Overfull \hbox (11.74pt too wide) detected at line 4951
[]
 []

[99] [100] [101] [102] [103]
LaTeX Font Info:    Font shape `OMS/cmr/m/it' in size <10> not available
(Font)              Font shape `OMS/cmsy/m/n' tried instead on input line 5138.

 [104] [105] [106]
Overfull \hbox (30.43694pt too wide) detected at line 5297
[]
 []

[107] [108] [109] [110]
Chapter 6.
[111

] [112] [113]
Package epstopdf Info: Source file: <figure30.eps>
(epstopdf)                    date: 2017-08-14 10:32:36
(epstopdf)                    size: 3494 bytes
(epstopdf)             Output file: <figure30-eps-converted-to.pdf>
(epstopdf)                    date: 2017-08-14 11:20:29
(epstopdf)                    size: 2712 bytes
(epstopdf)             Command: <repstopdf --outfile=figure30-eps-converted-to.
pdf figure30.eps>
(epstopdf)             \includegraphics on input line 5573.
Package epstopdf Info: Output file is already uptodate.
<figure30-eps-converted-to.pdf, id=1105, 171.64125pt x 171.64125pt>
File: figure30-eps-converted-to.pdf Graphic file (type pdf)
<use figure30-eps-converted-to.pdf>
Package pdftex.def Info: figure30-eps-converted-to.pdf  used on input line 5573
.
(pdftex.def)             Requested size: 113.81102pt x 113.80998pt.
Package epstopdf Info: Source file: <figure46.eps>
(epstopdf)                    date: 2017-11-15 13:02:03
(epstopdf)                    size: 4136 bytes
(epstopdf)             Output file: <figure46-eps-converted-to.pdf>
(epstopdf)                    date: 2017-11-15 13:02:22
(epstopdf)                    size: 2928 bytes
(epstopdf)             Command: <repstopdf --outfile=figure46-eps-converted-to.
pdf figure46.eps>
(epstopdf)             \includegraphics on input line 5578.
Package epstopdf Info: Output file is already uptodate.
<figure46-eps-converted-to.pdf, id=1106, 171.64125pt x 171.64125pt>
File: figure46-eps-converted-to.pdf Graphic file (type pdf)
<use figure46-eps-converted-to.pdf>
Package pdftex.def Info: figure46-eps-converted-to.pdf  used on input line 5578
.
(pdftex.def)             Requested size: 113.81102pt x 113.80998pt.
Package epstopdf Info: Source file: <figure31.eps>
(epstopdf)                    date: 2017-08-14 10:32:23
(epstopdf)                    size: 3510 bytes
(epstopdf)             Output file: <figure31-eps-converted-to.pdf>
(epstopdf)                    date: 2017-08-14 11:20:29
(epstopdf)                    size: 2703 bytes
(epstopdf)             Command: <repstopdf --outfile=figure31-eps-converted-to.
pdf figure31.eps>
(epstopdf)             \includegraphics on input line 5589.
Package epstopdf Info: Output file is already uptodate.
<figure31-eps-converted-to.pdf, id=1107, 171.64125pt x 171.64125pt>
File: figure31-eps-converted-to.pdf Graphic file (type pdf)
<use figure31-eps-converted-to.pdf>
Package pdftex.def Info: figure31-eps-converted-to.pdf  used on input line 5589
.
(pdftex.def)             Requested size: 113.81102pt x 113.80998pt.
Package epstopdf Info: Source file: <figure51.eps>
(epstopdf)                    date: 2017-11-15 13:03:53
(epstopdf)                    size: 4148 bytes
(epstopdf)             Output file: <figure51-eps-converted-to.pdf>
(epstopdf)                    date: 2017-11-15 13:03:59
(epstopdf)                    size: 2912 bytes
(epstopdf)             Command: <repstopdf --outfile=figure51-eps-converted-to.
pdf figure51.eps>
(epstopdf)             \includegraphics on input line 5594.
Package epstopdf Info: Output file is already uptodate.
<figure51-eps-converted-to.pdf, id=1108, 171.64125pt x 171.64125pt>
File: figure51-eps-converted-to.pdf Graphic file (type pdf)
<use figure51-eps-converted-to.pdf>
Package pdftex.def Info: figure51-eps-converted-to.pdf  used on input line 5594
.
(pdftex.def)             Requested size: 113.81102pt x 113.80998pt.
Package epstopdf Info: Source file: <figure34.eps>
(epstopdf)                    date: 2017-08-14 10:32:26
(epstopdf)                    size: 3622 bytes
(epstopdf)             Output file: <figure34-eps-converted-to.pdf>
(epstopdf)                    date: 2017-08-14 11:20:29
(epstopdf)                    size: 2746 bytes
(epstopdf)             Command: <repstopdf --outfile=figure34-eps-converted-to.
pdf figure34.eps>
(epstopdf)             \includegraphics on input line 5605.
Package epstopdf Info: Output file is already uptodate.
<figure34-eps-converted-to.pdf, id=1109, 171.64125pt x 171.64125pt>
File: figure34-eps-converted-to.pdf Graphic file (type pdf)
<use figure34-eps-converted-to.pdf>
Package pdftex.def Info: figure34-eps-converted-to.pdf  used on input line 5605
.
(pdftex.def)             Requested size: 113.81102pt x 113.80998pt.
Package epstopdf Info: Source file: <figure49.eps>
(epstopdf)                    date: 2017-08-14 10:32:47
(epstopdf)                    size: 3146 bytes
(epstopdf)             Output file: <figure49-eps-converted-to.pdf>
(epstopdf)                    date: 2017-08-14 11:20:29
(epstopdf)                    size: 2839 bytes
(epstopdf)             Command: <repstopdf --outfile=figure49-eps-converted-to.
pdf figure49.eps>
(epstopdf)             \includegraphics on input line 5610.
Package epstopdf Info: Output file is already uptodate.
<figure49-eps-converted-to.pdf, id=1110, 171.64125pt x 171.64125pt>
File: figure49-eps-converted-to.pdf Graphic file (type pdf)
<use figure49-eps-converted-to.pdf>
Package pdftex.def Info: figure49-eps-converted-to.pdf  used on input line 5610
.
(pdftex.def)             Requested size: 113.81102pt x 113.80998pt.


LaTeX Warning: `!h' float specifier changed to `!ht'.

Package epstopdf Info: Source file: <figure32.eps>
(epstopdf)                    date: 2017-08-14 10:32:24
(epstopdf)                    size: 3510 bytes
(epstopdf)             Output file: <figure32-eps-converted-to.pdf>
(epstopdf)                    date: 2017-08-14 11:20:30
(epstopdf)                    size: 2738 bytes
(epstopdf)             Command: <repstopdf --outfile=figure32-eps-converted-to.
pdf figure32.eps>
(epstopdf)             \includegraphics on input line 5621.
Package epstopdf Info: Output file is already uptodate.
<figure32-eps-converted-to.pdf, id=1111, 171.64125pt x 171.64125pt>
File: figure32-eps-converted-to.pdf Graphic file (type pdf)
<use figure32-eps-converted-to.pdf>
Package pdftex.def Info: figure32-eps-converted-to.pdf  used on input line 5621
.
(pdftex.def)             Requested size: 113.81102pt x 113.80998pt.
Package epstopdf Info: Source file: <figure47.eps>
(epstopdf)                    date: 2017-08-14 10:32:45
(epstopdf)                    size: 2195 bytes
(epstopdf)             Output file: <figure47-eps-converted-to.pdf>
(epstopdf)                    date: 2017-08-14 11:20:30
(epstopdf)                    size: 2744 bytes
(epstopdf)             Command: <repstopdf --outfile=figure47-eps-converted-to.
pdf figure47.eps>
(epstopdf)             \includegraphics on input line 5626.
Package epstopdf Info: Output file is already uptodate.
<figure47-eps-converted-to.pdf, id=1112, 171.64125pt x 171.64125pt>
File: figure47-eps-converted-to.pdf Graphic file (type pdf)
<use figure47-eps-converted-to.pdf>
Package pdftex.def Info: figure47-eps-converted-to.pdf  used on input line 5626
.
(pdftex.def)             Requested size: 113.81102pt x 113.80998pt.
Package epstopdf Info: Source file: <figure33.eps>
(epstopdf)                    date: 2017-08-14 10:32:25
(epstopdf)                    size: 3510 bytes
(epstopdf)             Output file: <figure33-eps-converted-to.pdf>
(epstopdf)                    date: 2017-08-14 11:20:30
(epstopdf)                    size: 2740 bytes
(epstopdf)             Command: <repstopdf --outfile=figure33-eps-converted-to.
pdf figure33.eps>
(epstopdf)             \includegraphics on input line 5637.
Package epstopdf Info: Output file is already uptodate.
<figure33-eps-converted-to.pdf, id=1113, 171.64125pt x 171.64125pt>
File: figure33-eps-converted-to.pdf Graphic file (type pdf)
<use figure33-eps-converted-to.pdf>
Package pdftex.def Info: figure33-eps-converted-to.pdf  used on input line 5637
.
(pdftex.def)             Requested size: 113.81102pt x 113.80998pt.
Package epstopdf Info: Source file: <figure48.eps>
(epstopdf)                    date: 2017-08-14 10:32:46
(epstopdf)                    size: 2211 bytes
(epstopdf)             Output file: <figure48-eps-converted-to.pdf>
(epstopdf)                    date: 2017-08-14 11:20:30
(epstopdf)                    size: 2751 bytes
(epstopdf)             Command: <repstopdf --outfile=figure48-eps-converted-to.
pdf figure48.eps>
(epstopdf)             \includegraphics on input line 5642.
Package epstopdf Info: Output file is already uptodate.
<figure48-eps-converted-to.pdf, id=1114, 171.64125pt x 171.64125pt>
File: figure48-eps-converted-to.pdf Graphic file (type pdf)
<use figure48-eps-converted-to.pdf>
Package pdftex.def Info: figure48-eps-converted-to.pdf  used on input line 5642
.
(pdftex.def)             Requested size: 113.81102pt x 113.80998pt.

LaTeX Warning: `!h' float specifier changed to `!ht'.

Package epstopdf Info: Source file: <figure29.eps>
(epstopdf)                    date: 2017-08-14 10:32:19
(epstopdf)                    size: 3622 bytes
(epstopdf)             Output file: <figure29-eps-converted-to.pdf>
(epstopdf)                    date: 2017-08-14 11:20:30
(epstopdf)                    size: 2751 bytes
(epstopdf)             Command: <repstopdf --outfile=figure29-eps-converted-to.
pdf figure29.eps>
(epstopdf)             \includegraphics on input line 5653.
Package epstopdf Info: Output file is already uptodate.
<figure29-eps-converted-to.pdf, id=1115, 171.64125pt x 171.64125pt>
File: figure29-eps-converted-to.pdf Graphic file (type pdf)
<use figure29-eps-converted-to.pdf>
Package pdftex.def Info: figure29-eps-converted-to.pdf  used on input line 5653
.
(pdftex.def)             Requested size: 113.81102pt x 113.80998pt.
Package epstopdf Info: Source file: <figure50.eps>
(epstopdf)                    date: 2017-08-14 10:32:50
(epstopdf)                    size: 2714 bytes
(epstopdf)             Output file: <figure50-eps-converted-to.pdf>
(epstopdf)                    date: 2017-08-14 11:20:31
(epstopdf)                    size: 2738 bytes
(epstopdf)             Command: <repstopdf --outfile=figure50-eps-converted-to.
pdf figure50.eps>
(epstopdf)             \includegraphics on input line 5658.
Package epstopdf Info: Output file is already uptodate.
<figure50-eps-converted-to.pdf, id=1116, 171.64125pt x 171.64125pt>
File: figure50-eps-converted-to.pdf Graphic file (type pdf)
<use figure50-eps-converted-to.pdf>
Package pdftex.def Info: figure50-eps-converted-to.pdf  used on input line 5658
.
(pdftex.def)             Requested size: 113.81102pt x 113.80998pt.

LaTeX Warning: `!h' float specifier changed to `!ht'.

[114 <./figure30-eps-converted-to.pdf> <./figure46-eps-converted-to.pdf> <./fig
ure31-eps-converted-to.pdf> <./figure51-eps-converted-to.pdf>] [115 <./figure34
-eps-converted-to.pdf> <./figure49-eps-converted-to.pdf> <./figure32-eps-conver
ted-to.pdf> <./figure47-eps-converted-to.pdf> <./figure33-eps-converted-to.pdf>
 <./figure48-eps-converted-to.pdf>]
Package epstopdf Info: Source file: <figure24.eps>
(epstopdf)                    date: 2016-03-28 13:03:42
(epstopdf)                    size: 75506 bytes
(epstopdf)             Output file: <figure24-eps-converted-to.pdf>
(epstopdf)                    date: 2016-03-28 13:03:46
(epstopdf)                    size: 8031 bytes
(epstopdf)             Command: <repstopdf --outfile=figure24-eps-converted-to.
pdf figure24.eps>
(epstopdf)             \includegraphics on input line 5699.
Package epstopdf Info: Output file is already uptodate.
<figure24-eps-converted-to.pdf, id=1156, 286.06876pt x 171.64125pt>
File: figure24-eps-converted-to.pdf Graphic file (type pdf)
<use figure24-eps-converted-to.pdf>
Package pdftex.def Info: figure24-eps-converted-to.pdf  used on input line 5699
.
(pdftex.def)             Requested size: 227.62204pt x 136.5746pt.
Package epstopdf Info: Source file: <figure25.eps>
(epstopdf)                    date: 2016-03-29 10:43:54
(epstopdf)                    size: 78389 bytes
(epstopdf)             Output file: <figure25-eps-converted-to.pdf>
(epstopdf)                    date: 2016-03-29 10:43:56
(epstopdf)                    size: 8408 bytes
(epstopdf)             Command: <repstopdf --outfile=figure25-eps-converted-to.
pdf figure25.eps>
(epstopdf)             \includegraphics on input line 5706.
Package epstopdf Info: Output file is already uptodate.
<figure25-eps-converted-to.pdf, id=1157, 286.06876pt x 171.64125pt>
File: figure25-eps-converted-to.pdf Graphic file (type pdf)
<use figure25-eps-converted-to.pdf>
Package pdftex.def Info: figure25-eps-converted-to.pdf  used on input line 5706
.
(pdftex.def)             Requested size: 227.62204pt x 136.5746pt.
Package epstopdf Info: Source file: <figure26.eps>
(epstopdf)                    date: 2016-03-29 10:44:28
(epstopdf)                    size: 79407 bytes
(epstopdf)             Output file: <figure26-eps-converted-to.pdf>
(epstopdf)                    date: 2016-03-29 10:44:30
(epstopdf)                    size: 8615 bytes
(epstopdf)             Command: <repstopdf --outfile=figure26-eps-converted-to.
pdf figure26.eps>
(epstopdf)             \includegraphics on input line 5713.
Package epstopdf Info: Output file is already uptodate.
<figure26-eps-converted-to.pdf, id=1158, 286.06876pt x 171.64125pt>
File: figure26-eps-converted-to.pdf Graphic file (type pdf)
<use figure26-eps-converted-to.pdf>
Package pdftex.def Info: figure26-eps-converted-to.pdf  used on input line 5713
.
(pdftex.def)             Requested size: 227.62204pt x 136.5746pt.
Package epstopdf Info: Source file: <figure27.eps>
(epstopdf)                    date: 2016-03-29 16:15:28
(epstopdf)                    size: 106606 bytes
(epstopdf)             Output file: <figure27-eps-converted-to.pdf>
(epstopdf)                    date: 2016-03-29 16:15:30
(epstopdf)                    size: 10432 bytes
(epstopdf)             Command: <repstopdf --outfile=figure27-eps-converted-to.
pdf figure27.eps>
(epstopdf)             \includegraphics on input line 5720.
Package epstopdf Info: Output file is already uptodate.
<figure27-eps-converted-to.pdf, id=1159, 286.06876pt x 286.06876pt>
File: figure27-eps-converted-to.pdf Graphic file (type pdf)
<use figure27-eps-converted-to.pdf>
Package pdftex.def Info: figure27-eps-converted-to.pdf  used on input line 5720
.
(pdftex.def)             Requested size: 227.62204pt x 227.62436pt.
 [116 <./figure29-eps-converted-to.pdf> <./figure50-eps-converted-to.pdf> <./fi
gure24-eps-converted-to.pdf>] [117 <./figure25-eps-converted-to.pdf> <./figure2
6-eps-converted-to.pdf>]
Package epstopdf Info: Source file: <figure39.eps>
(epstopdf)                    date: 2017-08-14 10:32:34
(epstopdf)                    size: 3616 bytes
(epstopdf)             Output file: <figure39-eps-converted-to.pdf>
(epstopdf)                    date: 2017-08-14 11:20:31
(epstopdf)                    size: 2807 bytes
(epstopdf)             Command: <repstopdf --outfile=figure39-eps-converted-to.
pdf figure39.eps>
(epstopdf)             \includegraphics on input line 5776.
Package epstopdf Info: Output file is already uptodate.
<figure39-eps-converted-to.pdf, id=1211, 286.06876pt x 171.64125pt>
File: figure39-eps-converted-to.pdf Graphic file (type pdf)
<use figure39-eps-converted-to.pdf>
Package pdftex.def Info: figure39-eps-converted-to.pdf  used on input line 5776
.
(pdftex.def)             Requested size: 227.62204pt x 136.5746pt.
 [118 <./figure27-eps-converted-to.pdf>]
Package epstopdf Info: Source file: <figure35.eps>
(epstopdf)                    date: 2017-08-14 10:32:29
(epstopdf)                    size: 3766 bytes
(epstopdf)             Output file: <figure35-eps-converted-to.pdf>
(epstopdf)                    date: 2017-08-14 11:20:31
(epstopdf)                    size: 2842 bytes
(epstopdf)             Command: <repstopdf --outfile=figure35-eps-converted-to.
pdf figure35.eps>
(epstopdf)             \includegraphics on input line 5806.
Package epstopdf Info: Output file is already uptodate.
<figure35-eps-converted-to.pdf, id=1234, 286.06876pt x 171.64125pt>
File: figure35-eps-converted-to.pdf Graphic file (type pdf)
<use figure35-eps-converted-to.pdf>
Package pdftex.def Info: figure35-eps-converted-to.pdf  used on input line 5806
.
(pdftex.def)             Requested size: 227.62204pt x 136.5746pt.
 [119 <./figure39-eps-converted-to.pdf>]
Package epstopdf Info: Source file: <figure36.eps>
(epstopdf)                    date: 2017-08-14 10:32:30
(epstopdf)                    size: 3955 bytes
(epstopdf)             Output file: <figure36-eps-converted-to.pdf>
(epstopdf)                    date: 2017-08-14 11:20:31
(epstopdf)                    size: 2853 bytes
(epstopdf)             Command: <repstopdf --outfile=figure36-eps-converted-to.
pdf figure36.eps>
(epstopdf)             \includegraphics on input line 5841.
Package epstopdf Info: Output file is already uptodate.
<figure36-eps-converted-to.pdf, id=1245, 286.06876pt x 286.06876pt>
File: figure36-eps-converted-to.pdf Graphic file (type pdf)
<use figure36-eps-converted-to.pdf>
Package pdftex.def Info: figure36-eps-converted-to.pdf  used on input line 5841
.
(pdftex.def)             Requested size: 170.71652pt x 170.71718pt.
 [120 <./figure35-eps-converted-to.pdf>]
Package epstopdf Info: Source file: <figure37.eps>
(epstopdf)                    date: 2017-08-14 10:32:31
(epstopdf)                    size: 3949 bytes
(epstopdf)             Output file: <figure37-eps-converted-to.pdf>
(epstopdf)                    date: 2017-08-14 11:20:31
(epstopdf)                    size: 2864 bytes
(epstopdf)             Command: <repstopdf --outfile=figure37-eps-converted-to.
pdf figure37.eps>
(epstopdf)             \includegraphics on input line 5874.
Package epstopdf Info: Output file is already uptodate.
<figure37-eps-converted-to.pdf, id=1256, 286.06876pt x 171.64125pt>
File: figure37-eps-converted-to.pdf Graphic file (type pdf)
<use figure37-eps-converted-to.pdf>
Package pdftex.def Info: figure37-eps-converted-to.pdf  used on input line 5874
.
(pdftex.def)             Requested size: 199.16928pt x 119.50375pt.
 [121 <./figure36-eps-converted-to.pdf>]
Package epstopdf Info: Source file: <figure38.eps>
(epstopdf)                    date: 2017-08-14 10:32:33
(epstopdf)                    size: 3722 bytes
(epstopdf)             Output file: <figure38-eps-converted-to.pdf>
(epstopdf)                    date: 2017-08-14 11:20:32
(epstopdf)                    size: 2835 bytes
(epstopdf)             Command: <repstopdf --outfile=figure38-eps-converted-to.
pdf figure38.eps>
(epstopdf)             \includegraphics on input line 5916.
Package epstopdf Info: Output file is already uptodate.
<figure38-eps-converted-to.pdf, id=1266, 286.06876pt x 286.06876pt>
File: figure38-eps-converted-to.pdf Graphic file (type pdf)
<use figure38-eps-converted-to.pdf>
Package pdftex.def Info: figure38-eps-converted-to.pdf  used on input line 5916
.
(pdftex.def)             Requested size: 170.71652pt x 170.71718pt.
 [122 <./figure37-eps-converted-to.pdf>] [123 <./figure38-eps-converted-to.pdf>
] [124] [125]
[126] [127]
Chapter 7.
[128

]
Package epstopdf Info: Source file: <figure40.eps>
(epstopdf)                    date: 2017-08-14 10:32:38
(epstopdf)                    size: 52662 bytes
(epstopdf)             Output file: <figure40-eps-converted-to.pdf>
(epstopdf)                    date: 2017-08-14 11:20:32
(epstopdf)                    size: 7717 bytes
(epstopdf)             Command: <repstopdf --outfile=figure40-eps-converted-to.
pdf figure40.eps>
(epstopdf)             \includegraphics on input line 6208.
Package epstopdf Info: Output file is already uptodate.
<figure40-eps-converted-to.pdf, id=1312, 286.06876pt x 171.64125pt>
File: figure40-eps-converted-to.pdf Graphic file (type pdf)
<use figure40-eps-converted-to.pdf>
Package pdftex.def Info: figure40-eps-converted-to.pdf  used on input line 6208
.
(pdftex.def)             Requested size: 341.43306pt x 204.8632pt.
 [129 <./figure40-eps-converted-to.pdf>] [130]
Package epstopdf Info: Source file: <figure41.eps>
(epstopdf)                    date: 2017-08-14 10:32:39
(epstopdf)                    size: 47746 bytes
(epstopdf)             Output file: <figure41-eps-converted-to.pdf>
(epstopdf)                    date: 2017-08-14 11:20:32
(epstopdf)                    size: 6544 bytes
(epstopdf)             Command: <repstopdf --outfile=figure41-eps-converted-to.
pdf figure41.eps>
(epstopdf)             \includegraphics on input line 6295.
Package epstopdf Info: Output file is already uptodate.
<figure41-eps-converted-to.pdf, id=1330, 286.06876pt x 171.64125pt>
File: figure41-eps-converted-to.pdf Graphic file (type pdf)
<use figure41-eps-converted-to.pdf>
Package pdftex.def Info: figure41-eps-converted-to.pdf  used on input line 6295
.
(pdftex.def)             Requested size: 341.43306pt x 204.8632pt.
 [131 <./figure41-eps-converted-to.pdf>]
Package epstopdf Info: Source file: <figure42.eps>
(epstopdf)                    date: 2017-08-14 10:32:40
(epstopdf)                    size: 47649 bytes
(epstopdf)             Output file: <figure42-eps-converted-to.pdf>
(epstopdf)                    date: 2017-08-14 11:20:33
(epstopdf)                    size: 7049 bytes
(epstopdf)             Command: <repstopdf --outfile=figure42-eps-converted-to.
pdf figure42.eps>
(epstopdf)             \includegraphics on input line 6364.
Package epstopdf Info: Output file is already uptodate.
<figure42-eps-converted-to.pdf, id=1342, 286.06876pt x 171.64125pt>
File: figure42-eps-converted-to.pdf Graphic file (type pdf)
<use figure42-eps-converted-to.pdf>
Package pdftex.def Info: figure42-eps-converted-to.pdf  used on input line 6364
.
(pdftex.def)             Requested size: 341.43306pt x 204.8632pt.
 [132 <./figure42-eps-converted-to.pdf>] [133] [134] [135] [136]
Package epstopdf Info: Source file: <figure43.eps>
(epstopdf)                    date: 2017-08-14 10:32:41
(epstopdf)                    size: 55197 bytes
(epstopdf)             Output file: <figure43-eps-converted-to.pdf>
(epstopdf)                    date: 2017-08-14 11:20:33
(epstopdf)                    size: 8894 bytes
(epstopdf)             Command: <repstopdf --outfile=figure43-eps-converted-to.
pdf figure43.eps>
(epstopdf)             \includegraphics on input line 6615.
Package epstopdf Info: Output file is already uptodate.
<figure43-eps-converted-to.pdf, id=1379, 398.48875pt x 171.64125pt>
File: figure43-eps-converted-to.pdf Graphic file (type pdf)
<use figure43-eps-converted-to.pdf>
Package pdftex.def Info: figure43-eps-converted-to.pdf  used on input line 6615
.
(pdftex.def)             Requested size: 341.43306pt x 147.07167pt.

[137 <./figure43-eps-converted-to.pdf>]
Package epstopdf Info: Source file: <figure44.eps>
(epstopdf)                    date: 2017-08-14 10:32:43
(epstopdf)                    size: 89787 bytes
(epstopdf)             Output file: <figure44-eps-converted-to.pdf>
(epstopdf)                    date: 2017-08-14 11:20:33
(epstopdf)                    size: 11359 bytes
(epstopdf)             Command: <repstopdf --outfile=figure44-eps-converted-to.
pdf figure44.eps>
(epstopdf)             \includegraphics on input line 6667.
Package epstopdf Info: Output file is already uptodate.
<figure44-eps-converted-to.pdf, id=1392, 398.48875pt x 171.64125pt>
File: figure44-eps-converted-to.pdf Graphic file (type pdf)
<use figure44-eps-converted-to.pdf>
Package pdftex.def Info: figure44-eps-converted-to.pdf  used on input line 6667
.
(pdftex.def)             Requested size: 341.43306pt x 147.07167pt.
 [138 <./figure44-eps-converted-to.pdf>]
Package atveryend Info: Empty hook `BeforeClearDocument' on input line 6710.
[139]
Package atveryend Info: Empty hook `AfterLastShipout' on input line 6710.
 (./notes.aux)
Package atveryend Info: Executing hook `AtVeryEndDocument' on input line 6710.
Package atveryend Info: Executing hook `AtEndAfterFileList' on input line 6710.

Package rerunfilecheck Info: File `notes.out' has not changed.
(rerunfilecheck)             Checksum: 5BCD1922BB6ECAC1AD6DC0DCFE1F0909;3232.
Package atveryend Info: Empty hook `AtVeryVeryEnd' on input line 6710.
 ) 
Here is how much of TeX's memory you used:
 9280 strings out of 493731
 137486 string characters out of 6152120
 230301 words of memory out of 5000000
 12444 multiletter control sequences out of 15000+600000
 14774 words of font info for 57 fonts, out of 8000000 for 9000
 430 hyphenation exceptions out of 8191
 50i,15n,42p,271b,601s stack positions out of 5000i,500n,10000p,200000b,80000s
</opt/local/share/texmf-texlive/fonts/type1/public/amsfonts/cm/cmbx10.pfb></o
pt/local/share/texmf-texlive/fonts/type1/public/amsfonts/cm/cmbx12.pfb></opt/lo
cal/share/texmf-texlive/fonts/type1/public/amsfonts/cm/cmex10.pfb></opt/local/s
hare/texmf-texlive/fonts/type1/public/amsfonts/cmextra/cmex7.pfb></opt/local/sh
are/texmf-texlive/fonts/type1/public/amsfonts/cm/cmmi10.pfb></opt/local/share/t
exmf-texlive/fonts/type1/public/amsfonts/cm/cmmi12.pfb></opt/local/share/texmf-
texlive/fonts/type1/public/amsfonts/cm/cmmi5.pfb></opt/local/share/texmf-texliv
e/fonts/type1/public/amsfonts/cm/cmmi6.pfb></opt/local/share/texmf-texlive/font
s/type1/public/amsfonts/cm/cmmi7.pfb></opt/local/share/texmf-texlive/fonts/type
1/public/amsfonts/cm/cmmi8.pfb></opt/local/share/texmf-texlive/fonts/type1/publ
ic/amsfonts/cm/cmr10.pfb></opt/local/share/texmf-texlive/fonts/type1/public/ams
fonts/cm/cmr12.pfb></opt/local/share/texmf-texlive/fonts/type1/public/amsfonts/
cm/cmr17.pfb></opt/local/share/texmf-texlive/fonts/type1/public/amsfonts/cm/cmr
5.pfb></opt/local/share/texmf-texlive/fonts/type1/public/amsfonts/cm/cmr6.pfb><
/opt/local/share/texmf-texlive/fonts/type1/public/amsfonts/cm/cmr7.pfb></opt/lo
cal/share/texmf-texlive/fonts/type1/public/amsfonts/cm/cmr8.pfb></opt/local/sha
re/texmf-texlive/fonts/type1/public/amsfonts/cm/cmr9.pfb></opt/local/share/texm
f-texlive/fonts/type1/public/amsfonts/cm/cmsy10.pfb></opt/local/share/texmf-tex
live/fonts/type1/public/amsfonts/cm/cmsy5.pfb></opt/local/share/texmf-texlive/f
onts/type1/public/amsfonts/cm/cmsy7.pfb></opt/local/share/texmf-texlive/fonts/t
ype1/public/amsfonts/cm/cmsy8.pfb></opt/local/share/texmf-texlive/fonts/type1/p
ublic/amsfonts/cm/cmti10.pfb></opt/local/share/texmf-texlive/fonts/type1/public
/amsfonts/cm/cmtt10.pfb></opt/local/share/texmf-texlive/fonts/type1/public/amsf
onts/symbols/msbm10.pfb>
Output written on notes.pdf (140 pages, 1274632 bytes).
PDF statistics:
 1577 PDF objects out of 1728 (max. 8388607)
 1347 compressed objects within 14 object streams
 421 named destinations out of 1000 (max. 500000)
 606 words of extra memory for PDF output out of 10000 (max. 10000000)

